====================
VS2019 build record
====================

|C| blas
|C| block
|C| bspline
|C| bst
|C| cblas
|C| cdf
|C| cheb
|C| combination
|C| complex
|C| deriv
|C| dht
|C| diff
|C| eigen
|C| err
|C| fft
|C| filter
|C| fit
|C| histogram
|C| ieee-utils
|C| integration
|C| interpolation
|C| linalg
|C| matrix
|C| min
|C| monte

|C| multifit
|C| multifit_nlinear
|C| multilarge
|C| multilarge_nlinear
|C| multimin

===============
TO INTEGRAtion
===============

libgsl
libgsl-dll

===============
TO build
===============

movstat
