Scanning directory ampl...
Scanning directory blas...
Scanning directory block...
Scanning directory bspline...
Scanning directory bst...
Modified 16 lines containing %z in file: test.c
Scanning directory cblas...
Scanning directory cdf...
Scanning directory cheb...
Scanning directory combination...
Scanning directory complex...
Scanning directory deriv...
Scanning directory dht...
Scanning directory diff...
Scanning directory eigen...
Scanning directory err...
Scanning directory fft...
Scanning directory filter...
Modified 1 lines containing %z in file: test.c
Modified 4 lines containing %z in file: test_gaussian.c
Modified 4 lines containing %z in file: test_impulse.c
Modified 2 lines containing %z in file: test_median.c
Modified 3 lines containing %z in file: test_rmedian.c
Scanning directory fit...
Scanning directory histogram...
Scanning directory ieee-utils...
Scanning directory integration...
Modified 1 lines containing %z in file: romberg.c
Scanning directory interpolation...
Scanning directory linalg...
Modified 4 lines containing %z in file: test.c
Modified 8 lines containing %z in file: test_cholesky.c
Modified 4 lines containing %z in file: test_ldlt.c
Scanning directory matrix...
Scanning directory min...
Scanning directory monte...
Scanning directory movstat...
Modified 1 lines containing %z in file: test.c
Modified 5 lines containing %z in file: test_mad.c
Modified 3 lines containing %z in file: test_mean.c
Modified 4 lines containing %z in file: test_median.c
Modified 8 lines containing %z in file: test_minmax.c
Modified 3 lines containing %z in file: test_Qn.c
Modified 3 lines containing %z in file: test_qqr.c
Modified 3 lines containing %z in file: test_Sn.c
Modified 3 lines containing %z in file: test_sum.c
Modified 6 lines containing %z in file: test_variance.c
Scanning directory multifit...
Modified 1 lines containing %z in file: test_bard.c
Modified 1 lines containing %z in file: test_beale.c
Modified 1 lines containing %z in file: test_box.c
Modified 1 lines containing %z in file: test_boxbod.c
Modified 1 lines containing %z in file: test_brown1.c
Modified 1 lines containing %z in file: test_brown2.c
Modified 1 lines containing %z in file: test_brown3.c
Modified 1 lines containing %z in file: test_eckerle.c
Modified 1 lines containing %z in file: test_enso.c
Modified 1 lines containing %z in file: test_exp1.c
Modified 2 lines containing %z in file: test_filip.c
Modified 1 lines containing %z in file: test_gaussian.c
Modified 1 lines containing %z in file: test_hahn1.c
Modified 1 lines containing %z in file: test_helical.c
Modified 1 lines containing %z in file: test_jennrich.c
Modified 1 lines containing %z in file: test_kirby2.c
Modified 1 lines containing %z in file: test_kowalik.c
Modified 1 lines containing %z in file: test_lin1.c
Modified 2 lines containing %z in file: test_longley.c
Modified 1 lines containing %z in file: test_meyer.c
Modified 1 lines containing %z in file: test_meyerscal.c
Modified 2 lines containing %z in file: test_nonlinear.c
Modified 2 lines containing %z in file: test_pontius.c
Modified 1 lines containing %z in file: test_powell1.c
Modified 1 lines containing %z in file: test_powell2.c
Modified 1 lines containing %z in file: test_powell3.c
Modified 1 lines containing %z in file: test_rat42.c
Modified 1 lines containing %z in file: test_rat43.c
Modified 10 lines containing %z in file: test_reg.c
Modified 1 lines containing %z in file: test_rosenbrock.c
Modified 1 lines containing %z in file: test_rosenbrocke.c
Modified 1 lines containing %z in file: test_roth.c
Modified 9 lines containing %z in file: test_shaw.c
Modified 1 lines containing %z in file: test_thurber.c
Modified 1 lines containing %z in file: test_vardim.c
Modified 1 lines containing %z in file: test_watson.c
Modified 1 lines containing %z in file: test_wnlin.c
Modified 1 lines containing %z in file: test_wood.c
Scanning directory multifit_nlinear...
Modified 1 lines containing %z in file: test_bard.c
Modified 1 lines containing %z in file: test_beale.c
Modified 1 lines containing %z in file: test_biggs.c
Modified 1 lines containing %z in file: test_boxbod.c
Modified 1 lines containing %z in file: test_brown1.c
Modified 1 lines containing %z in file: test_brown2.c
Modified 1 lines containing %z in file: test_brown3.c
Modified 1 lines containing %z in file: test_eckerle.c
Modified 1 lines containing %z in file: test_enso.c
Modified 1 lines containing %z in file: test_exp1.c
Modified 1 lines containing %z in file: test_gaussian.c
Modified 1 lines containing %z in file: test_hahn1.c
Modified 1 lines containing %z in file: test_helical.c
Modified 1 lines containing %z in file: test_jennrich.c
Modified 1 lines containing %z in file: test_kirby2.c
Modified 1 lines containing %z in file: test_kowalik.c
Modified 1 lines containing %z in file: test_lin1.c
Modified 1 lines containing %z in file: test_meyer.c
Modified 1 lines containing %z in file: test_meyerscal.c
Modified 1 lines containing %z in file: test_powell1.c
Modified 1 lines containing %z in file: test_powell2.c
Modified 1 lines containing %z in file: test_powell3.c
Modified 1 lines containing %z in file: test_rat42.c
Modified 1 lines containing %z in file: test_rat43.c
Modified 1 lines containing %z in file: test_rosenbrock.c
Modified 1 lines containing %z in file: test_rosenbrocke.c
Modified 1 lines containing %z in file: test_roth.c
Modified 1 lines containing %z in file: test_thurber.c
Modified 1 lines containing %z in file: test_vardim.c
Modified 1 lines containing %z in file: test_watson.c
Modified 1 lines containing %z in file: test_wnlin.c
Modified 1 lines containing %z in file: test_wood.c
Scanning directory multilarge...
Modified 8 lines containing %z in file: test.c
Scanning directory multilarge_nlinear...
Modified 1 lines containing %z in file: test_bard.c
Modified 1 lines containing %z in file: test_beale.c
Modified 1 lines containing %z in file: test_boxbod.c
Modified 1 lines containing %z in file: test_brown1.c
Modified 1 lines containing %z in file: test_brown2.c
Modified 1 lines containing %z in file: test_brown3.c
Modified 1 lines containing %z in file: test_eckerle.c
Modified 1 lines containing %z in file: test_enso.c
Modified 1 lines containing %z in file: test_exp1.c
Modified 1 lines containing %z in file: test_gaussian.c
Modified 1 lines containing %z in file: test_hahn1.c
Modified 1 lines containing %z in file: test_helical.c
Modified 1 lines containing %z in file: test_jennrich.c
Modified 1 lines containing %z in file: test_kirby2.c
Modified 1 lines containing %z in file: test_kowalik.c
Modified 1 lines containing %z in file: test_lin1.c
Modified 1 lines containing %z in file: test_meyer.c
Modified 1 lines containing %z in file: test_meyerscal.c
Modified 1 lines containing %z in file: test_powell1.c
Modified 1 lines containing %z in file: test_powell2.c
Modified 1 lines containing %z in file: test_powell3.c
Modified 1 lines containing %z in file: test_rat42.c
Modified 1 lines containing %z in file: test_rat43.c
Modified 1 lines containing %z in file: test_rosenbrock.c
Modified 1 lines containing %z in file: test_rosenbrocke.c
Modified 1 lines containing %z in file: test_roth.c
Modified 1 lines containing %z in file: test_thurber.c
Modified 1 lines containing %z in file: test_vardim.c
Modified 1 lines containing %z in file: test_watson.c
Modified 1 lines containing %z in file: test_wnlin.c
Modified 1 lines containing %z in file: test_wood.c
Scanning directory multimin...
Scanning directory multiroots...
Scanning directory multiset...
Scanning directory ntuple...
Scanning directory ode-initval...
Scanning directory ode-initval2...
Scanning directory permutation...
Scanning directory poly...
Scanning directory qrng...
Scanning directory randist...
Scanning directory rng...
Scanning directory roots...
Scanning directory rstat...
Modified 9 lines containing %z in file: test.c
Scanning directory siman...
Scanning directory sort...
Scanning directory spblas...
Modified 1 lines containing %z in file: test.c
Scanning directory specfunc...
Modified 19 lines containing %z in file: test_legendre.c
Scanning directory splinalg...
Modified 7 lines containing %z in file: test.c
Scanning directory spmatrix...
Modified 22 lines containing %z in file: test_complex_source.c
Modified 28 lines containing %z in file: test_source.c
Scanning directory statistics...
Modified 4 lines containing %z in file: test_robust.c
Scanning directory sum...
Scanning directory sys...
Scanning directory test...
Scanning directory utils...
Scanning directory vector...
Scanning directory wavelet...
